<?xml version="1.0" encoding="UTF-8"?>
<testsuite xmlns:xsi="http://www.w3.org/2001/XMLSchema-instance" xsi:noNamespaceSchemaLocation="https://maven.apache.org/surefire/maven-surefire-plugin/xsd/surefire-test-report-3.0.xsd" version="3.0" name="br.com.fatec.tdd.exercicio2.PersonDAOTest" time="0.044" tests="9" errors="0" skipped="0" failures="0">
  <properties>
[...]
</properties>
  <testcase name="deveRetornarErroQuandoNomeTiverApenasUmaParte" classname="br.com.fatec.tdd.exercicio2.PersonDAOTest" time="0.007"/>
  <testcase name="deveRetornarErroQuandoIdadeForMaiorQueDuzentos" classname="br.com.fatec.tdd.exercicio2.PersonDAOTest" time="0.002"/>
  <testcase name="deveRetornarErroQuandoPessoaNaoTiverEmail" classname="br.com.fatec.tdd.exercicio2.PersonDAOTest" time="0.002"/>
  <testcase name="deveRetornarMaisDeUmErroQuandoPessoaTiverVariosProblemas" classname="br.com.fatec.tdd.exercicio2.PersonDAOTest" time="0.002"/>
  <testcase name="deveRetornarErroQuandoEmailNaoTiverDominio" classname="br.com.fatec.tdd.exercicio2.PersonDAOTest" time="0.004"/>
  <testcase name="deveRetornarErroQuandoIdadeForZero" classname="br.com.fatec.tdd.exercicio2.PersonDAOTest" time="0.004"/>
  <testcase name="deveRetornarErroQuandoEmailNaoTiverArroba" classname="br.com.fatec.tdd.exercicio2.PersonDAOTest" time="0.002"/>
  <testcase name="deveRetornarListaVaziaQuandoPessoaForValida" classname="br.com.fatec.tdd.exercicio2.PersonDAOTest" time="0.001"/>
  <testcase name="deveRetornarErroQuandoNomeTiverNumero" classname="br.com.fatec.tdd.exercicio2.PersonDAOTest" time="0.001"/>
</testsuite>